[    0.000000] Initializing cgroup subsys cpuset
[    0.000000] Initializing cgroup subsys cpu
[    0.000000] Initializing cgroup subsys cpuacct
[    0.000000] Linux version 4.4.0-184-generic (buildd@lgw01-amd64-060) (gcc version 5.4.0 20160609 (Ubuntu 5.4.0-6ubuntu1~16.04.12) ) #214-Ubuntu SMP Thu Jun 4 10:14:11 UTC 2020 (Ubuntu 4.4.0-184.214-generic 4.4.223)
[    0.000000] Command line: BOOT_IMAGE=/boot/vmlinuz-4.4.0-184-generic root=LABEL=cloudimg-rootfs ro console=tty1 console=ttyS0
[    0.000000] KERNEL supported cpus:
[    0.000000]   Intel GenuineIntel
[    0.000000]   AMD AuthenticAMD
[    0.000000]   Centaur CentaurHauls
[    0.000000] x86/fpu: xstate_offset[2]:  576, xstate_sizes[2]:  256
[    0.000000] x86/fpu: Supporting XSAVE feature 0x01: 'x87 floating point registers'
[    0.000000] x86/fpu: Supporting XSAVE feature 0x02: 'SSE registers'
[    0.000000] x86/fpu: Supporting XSAVE feature 0x04: 'AVX registers'
[    0.000000] x86/fpu: Enabled xstate features 0x7, context size is 832 bytes, using 'standard' format.
[    0.000000] e820: BIOS-provided physical RAM map:
[    0.000000] BIOS-e820: [mem 0x0000000000000000-0x000000000009fbff] usable
[    0.000000] BIOS-e820: [mem 0x000000000009fc00-0x000000000009ffff] reserved
[    0.000000] BIOS-e820: [mem 0x00000000000f0000-0x00000000000fffff] reserved
[    0.000000] BIOS-e820: [mem 0x0000000000100000-0x000000003ffeffff] usable
[    0.000000] BIOS-e820: [mem 0x000000003fff0000-0x000000003fffffff] ACPI data
[    0.000000] BIOS-e820: [mem 0x00000000fec00000-0x00000000fec00fff] reserved
[    0.000000] BIOS-e820: [mem 0x00000000fee00000-0x00000000fee00fff] reserved
[    0.000000] BIOS-e820: [mem 0x00000000fffc0000-0x00000000ffffffff] reserved
[    0.000000] NX (Execute Disable) protection: active
[    0.000000] SMBIOS 2.5 present.
[    0.000000] Hypervisor detected: KVM
[    0.000000] e820: last_pfn = 0x3fff0 max_arch_pfn = 0x400000000
[    0.000000] MTRR: Disabled
[    0.000000] x86/PAT: MTRRs disabled, skipping PAT initialization too.
[    0.000000] CPU MTRRs all blank - virtualized system.
[    0.000000] x86/PAT: Configuration [0-7]: WB  WT  UC- UC  WB  WT  UC- UC  
[    0.000000] found SMP MP-table at [mem 0x0009fff0-0x0009ffff] mapped at [ffff88000009fff0]
[    0.000000] Scanning 1 areas for low memory corruption
[    0.000000] RAMDISK: [mem 0x362de000-0x37166fff]
[    0.000000] ACPI: Early table checksum verification disabled
[    0.000000] ACPI: RSDP 0x00000000000E0000 000024 (v02 VBOX  )
[    0.000000] ACPI: XSDT 0x000000003FFF0030 00003C (v01 VBOX   VBOXXSDT 00000001 ASL  00000061)
[    0.000000] ACPI: FACP 0x000000003FFF00F0 0000F4 (v04 VBOX   VBOXFACP 00000001 ASL  00000061)
[    0.000000] ACPI: DSDT 0x000000003FFF0470 002325 (v02 VBOX   VBOXBIOS 00000002 INTL 20100528)
[    0.000000] ACPI: FACS 0x000000003FFF0200 000040
[    0.000000] ACPI: FACS 0x000000003FFF0200 000040
[    0.000000] ACPI: APIC 0x000000003FFF0240 00005C (v02 VBOX   VBOXAPIC 00000001 ASL  00000061)
[    0.000000] ACPI: SSDT 0x000000003FFF02A0 0001CC (v01 VBOX   VBOXCPUT 00000002 INTL 20100528)
[    0.000000] No NUMA configuration found
[    0.000000] Faking a node at [mem 0x0000000000000000-0x000000003ffeffff]
[    0.000000] NODE_DATA(0) allocated [mem 0x3ffeb000-0x3ffeffff]
[    0.000000] kvm-clock: Using msrs 4b564d01 and 4b564d00
[    0.000000] kvm-clock: cpu 0, msr 0:3ffe3001, primary cpu clock
[    0.000000] kvm-clock: using sched offset of 3617830711 cycles
[    0.000000] clocksource: kvm-clock: mask: 0xffffffffffffffff max_cycles: 0x1cd42e4dffb, max_idle_ns: 881590591483 ns
[    0.000000] Zone ranges:
[    0.000000]   DMA      [mem 0x0000000000001000-0x0000000000ffffff]
[    0.000000]   DMA32    [mem 0x0000000001000000-0x000000003ffeffff]
[    0.000000]   Normal   empty
[    0.000000]   Device   empty
[    0.000000] Movable zone start for each node
[    0.000000] Early memory node ranges
[    0.000000]   node   0: [mem 0x0000000000001000-0x000000000009efff]
[    0.000000]   node   0: [mem 0x0000000000100000-0x000000003ffeffff]
[    0.000000] Initmem setup node 0 [mem 0x0000000000001000-0x000000003ffeffff]
[    0.000000] ACPI: PM-Timer IO Port: 0x4008
[    0.000000] IOAPIC[0]: apic_id 2, version 32, address 0xfec00000, GSI 0-23
[    0.000000] ACPI: INT_SRC_OVR (bus 0 bus_irq 0 global_irq 2 dfl dfl)
[    0.000000] ACPI: INT_SRC_OVR (bus 0 bus_irq 9 global_irq 9 low level)
[    0.000000] Using ACPI (MADT) for SMP configuration information
[    0.000000] smpboot: Allowing 2 CPUs, 0 hotplug CPUs
[    0.000000] PM: Registered nosave memory: [mem 0x00000000-0x00000fff]
[    0.000000] PM: Registered nosave memory: [mem 0x0009f000-0x0009ffff]
[    0.000000] PM: Registered nosave memory: [mem 0x000a0000-0x000effff]
[    0.000000] PM: Registered nosave memory: [mem 0x000f0000-0x000fffff]
[    0.000000] e820: [mem 0x40000000-0xfebfffff] available for PCI devices
[    0.000000] Booting paravirtualized kernel on KVM
[    0.000000] clocksource: refined-jiffies: mask: 0xffffffff max_cycles: 0xffffffff, max_idle_ns: 7645519600211568 ns
[    0.000000] setup_percpu: NR_CPUS:512 nr_cpumask_bits:512 nr_cpu_ids:2 nr_node_ids:1
[    0.000000] PERCPU: Embedded 33 pages/cpu @ffff88003fc00000 s95448 r8192 d31528 u1048576
[    0.000000] Built 1 zonelists in Node order, mobility grouping on.  Total pages: 257912
[    0.000000] Policy zone: DMA32
[    0.000000] Kernel command line: BOOT_IMAGE=/boot/vmlinuz-4.4.0-184-generic root=LABEL=cloudimg-rootfs ro console=tty1 console=ttyS0
[    0.000000] PID hash table entries: 4096 (order: 3, 32768 bytes)
[    0.000000] Memory: 997664K/1048120K available (8632K kernel code, 1336K rwdata, 4036K rodata, 1492K init, 1292K bss, 50456K reserved, 0K cma-reserved)
[    0.000000] SLUB: HWalign=64, Order=0-3, MinObjects=0, CPUs=2, Nodes=1
[    0.000000] Kernel/User page tables isolation: enabled
[    0.000000] Hierarchical RCU implementation.
[    0.000000] 	Build-time adjustment of leaf fanout to 64.
[    0.000000] 	RCU restricting CPUs from NR_CPUS=512 to nr_cpu_ids=2.
[    0.000000] RCU: Adjusting geometry for rcu_fanout_leaf=64, nr_cpu_ids=2
[    0.000000] NR_IRQS:33024 nr_irqs:440 16
[    0.000000] Console: colour VGA+ 80x25
[    0.000000] console [tty1] enabled
[    0.000000] console [ttyS0] enabled
[    0.000000] tsc: Detected 2712.000 MHz processor
[    0.146815] Calibrating delay loop (skipped) preset value.. 5424.00 BogoMIPS (lpj=10848000)
[    0.149039] pid_max: default: 32768 minimum: 301
[    0.149898] ACPI: Core revision 20150930
[    0.151556] ACPI: 2 ACPI AML tables successfully acquired and loaded
[    0.153008] Security Framework initialized
[    0.153993] Yama: becoming mindful.
[    0.154739] AppArmor: AppArmor initialized
[    0.155661] Dentry cache hash table entries: 131072 (order: 8, 1048576 bytes)
[    0.158412] Inode-cache hash table entries: 65536 (order: 7, 524288 bytes)
[    0.160129] Mount-cache hash table entries: 2048 (order: 2, 16384 bytes)
[    0.161995] Mountpoint-cache hash table entries: 2048 (order: 2, 16384 bytes)
[    0.163873] Initializing cgroup subsys io
[    0.164887] Initializing cgroup subsys memory
[    0.166032] Initializing cgroup subsys devices
[    0.167218] Initializing cgroup subsys freezer
[    0.168384] Initializing cgroup subsys net_cls
[    0.169436] Initializing cgroup subsys perf_event
[    0.170338] Initializing cgroup subsys net_prio
[    0.171260] Initializing cgroup subsys hugetlb
[    0.172597] Initializing cgroup subsys pids
[    0.174717] mce: CPU supports 0 MCE banks
[    0.175667] Last level iTLB entries: 4KB 64, 2MB 8, 4MB 8
[    0.177000] Last level dTLB entries: 4KB 64, 2MB 0, 4MB 0, 1GB 4
[    0.178122] Spectre V1 : Mitigation: usercopy/swapgs barriers and __user pointer sanitization
[    0.180202] Spectre V2 : Mitigation: Full generic retpoline
[    0.182220] Spectre V2 : Spectre v2 / SpectreRSB mitigation: Filling RSB on context switch
[    0.184004] Speculative Store Bypass: Vulnerable
[    0.184891] SRBDS: Unknown: Dependent on hypervisor status
[    0.186113] MDS: Mitigation: Clear CPU buffers
[    0.189072] Freeing SMP alternatives memory: 36K
[    0.195269] ftrace: allocating 32319 entries in 127 pages
[    0.251790] smpboot: APIC(0) Converting physical 0 to logical package 0
[    0.253657] smpboot: Max logical packages: 1
[    0.255016] x2apic enabled
[    0.256721] Switched APIC routing to physical x2apic.
[    0.258960] ..TIMER: vector=0x30 apic1=0 pin1=2 apic2=-1 pin2=-1
[    0.368415] smpboot: CPU0: Intel(R) Core(TM) i7-8559U CPU @ 2.70GHz (family: 0x6, model: 0x8e, stepping: 0xa)
[    0.372602] Performance Events: unsupported p6 CPU model 142 no PMU driver, software events only.
[    0.383862] KVM setup paravirtual spinlock
[    0.385457] x86: Booting SMP configuration:
[    0.387007] .... node  #0, CPUs:      #1
[    0.388233] kvm-clock: cpu 1, msr 0:3ffe3041, secondary cpu clock
[    0.390506] mce: CPU supports 0 MCE banks
[    0.393625] x86: Booted up 1 node, 2 CPUs
[    0.395325] smpboot: Total of 2 processors activated (10848.00 BogoMIPS)
[    0.396839] devtmpfs: initialized
[    0.399359] evm: security.selinux
[    0.400199] evm: security.SMACK64
[    0.401008] evm: security.SMACK64EXEC
[    0.402359] evm: security.SMACK64TRANSMUTE
[    0.403206] evm: security.SMACK64MMAP
[    0.404002] evm: security.ima
[    0.404619] evm: security.capability
[    0.405523] clocksource: jiffies: mask: 0xffffffff max_cycles: 0xffffffff, max_idle_ns: 7645041785100000 ns
[    0.407275] futex hash table entries: 512 (order: 3, 32768 bytes)
[    0.408445] pinctrl core: initialized pinctrl subsystem
[    0.409507] RTC time:  8:42:26, date: 07/01/20
[    0.410927] NET: Registered protocol family 16
[    0.421312] cpuidle: using governor ladder
[    0.433044] cpuidle: using governor menu
[    0.434565] PCCT header not found.
[    0.435343] ACPI: bus type PCI registered
[    0.436273] acpiphp: ACPI Hot Plug PCI Controller Driver version: 0.5
[    0.438074] PCI: Using configuration type 1 for base access
[    0.449973] ACPI: Added _OSI(Module Device)
[    0.451399] ACPI: Added _OSI(Processor Device)
[    0.452324] ACPI: Added _OSI(3.0 _SCP Extensions)
[    0.453192] ACPI: Added _OSI(Processor Aggregator Device)
[    0.455156] ACPI: Executed 1 blocks of module-level executable AML code
[    0.458404] ACPI: Interpreter enabled
[    0.459451] ACPI: (supports S0 S5)
[    0.460198] ACPI: Using IOAPIC for interrupt routing
[    0.461850] PCI: Using host bridge windows from ACPI; if necessary, use "pci=nocrs" and report a bug
[    0.467730] ACPI: PCI Root Bridge [PCI0] (domain 0000 [bus 00-ff])
[    0.468833] acpi PNP0A03:00: _OSC: OS supports [ASPM ClockPM Segments MSI]
[    0.470284] acpi PNP0A03:00: _OSC: not requesting OS control; OS requires [ExtendedConfig ASPM ClockPM MSI]
[    0.472663] acpi PNP0A03:00: fail to add MMCONFIG information, can't access extended PCI configuration space under this bridge.
[    0.475596] PCI host bridge to bus 0000:00
[    0.476606] pci_bus 0000:00: root bus resource [io  0x0000-0x0cf7 window]
[    0.477852] pci_bus 0000:00: root bus resource [io  0x0d00-0xffff window]
[    0.479445] pci_bus 0000:00: root bus resource [mem 0x000a0000-0x000bffff window]
[    0.481660] pci_bus 0000:00: root bus resource [mem 0x40000000-0xfdffffff window]
[    0.483650] pci_bus 0000:00: root bus resource [bus 00-ff]
[    0.487160] pci 0000:00:01.1: legacy IDE quirk: reg 0x10: [io  0x01f0-0x01f7]
[    0.488491] pci 0000:00:01.1: legacy IDE quirk: reg 0x14: [io  0x03f6]
[    0.489638] pci 0000:00:01.1: legacy IDE quirk: reg 0x18: [io  0x0170-0x0177]
[    0.498891] pci 0000:00:01.1: legacy IDE quirk: reg 0x1c: [io  0x0376]
[    0.513204] pci 0000:00:07.0: quirk: [io  0x4000-0x403f] claimed by PIIX4 ACPI
[    0.515339] pci 0000:00:07.0: quirk: [io  0x4100-0x410f] claimed by PIIX4 SMB
[    0.525157] ACPI: PCI Interrupt Link [LNKA] (IRQs 5 9 10 *11)
[    0.527341] ACPI: PCI Interrupt Link [LNKB] (IRQs 5 9 *10 11)
[    0.529291] ACPI: PCI Interrupt Link [LNKC] (IRQs 5 *9 10 11)
[    0.531783] ACPI: PCI Interrupt Link [LNKD] (IRQs 5 9 10 *11)
[    0.533643] ACPI: Enabled 2 GPEs in block 00 to 07
[    0.535114] vgaarb: setting as boot device: PCI:0000:00:02.0
[    0.536414] vgaarb: device added: PCI:0000:00:02.0,decodes=io+mem,owns=io+mem,locks=none
[    0.538017] vgaarb: loaded
[    0.538613] vgaarb: bridge control possible 0000:00:02.0
[    0.540122] SCSI subsystem initialized
[    0.541027] ACPI: bus type USB registered
[    0.541794] usbcore: registered new interface driver usbfs
[    0.543359] usbcore: registered new interface driver hub
[    0.544363] usbcore: registered new device driver usb
[    0.545715] PCI: Using ACPI for IRQ routing
[    0.548411] NetLabel: Initializing
[    0.549254] NetLabel:  domain hash size = 128
[    0.550056] NetLabel:  protocols = UNLABELED CIPSOv4
[    0.551028] NetLabel:  unlabeled traffic allowed by default
[    0.552123] amd_nb: Cannot enumerate AMD northbridges
[    0.553107] clocksource: Switched to clocksource kvm-clock
[    0.560752] AppArmor: AppArmor Filesystem Enabled
[    0.562308] pnp: PnP ACPI init
[    0.564284] pnp: PnP ACPI: found 3 devices
[    0.576498] clocksource: acpi_pm: mask: 0xffffff max_cycles: 0xffffff, max_idle_ns: 2085701024 ns
[    0.579375] NET: Registered protocol family 2
[    0.580475] TCP established hash table entries: 8192 (order: 4, 65536 bytes)
[    0.582625] TCP bind hash table entries: 8192 (order: 5, 131072 bytes)
[    0.584131] TCP: Hash tables configured (established 8192 bind 8192)
[    0.585506] UDP hash table entries: 512 (order: 2, 16384 bytes)
[    0.586774] UDP-Lite hash table entries: 512 (order: 2, 16384 bytes)
[    0.588059] NET: Registered protocol family 1
[    0.588962] pci 0000:00:00.0: Limiting direct PCI/PCI transfers
[    0.590079] pci 0000:00:01.0: Activating ISA DMA hang workarounds
[    0.591329] Unpacking initramfs...
[    0.789549] Freeing initrd memory: 14884K
[    0.790977] clocksource: tsc: mask: 0xffffffffffffffff max_cycles: 0x2717868ea45, max_idle_ns: 440795316085 ns
[    0.793253] platform rtc_cmos: registered platform RTC device (no PNP device found)
[    0.795136] Scanning for low memory corruption every 60 seconds
[    0.796700] audit: initializing netlink subsys (disabled)
[    0.797900] audit: type=2000 audit(1593592950.951:1): initialized
[    0.799180] Initialise system trusted keyring
[    0.800165] HugeTLB registered 2 MB page size, pre-allocated 0 pages
[    0.802201] zbud: loaded
[    0.803014] VFS: Disk quotas dquot_6.6.0
[    0.803781] VFS: Dquot-cache hash table entries: 512 (order 0, 4096 bytes)
[    0.805126] squashfs: version 4.0 (2009/01/31) Phillip Lougher
[    0.806364] fuse init (API version 7.23)
[    0.807187] Key type big_key registered
[    0.807936] Allocating IMA MOK and blacklist keyrings.
[    0.810288] Key type asymmetric registered
[    0.811175] Asymmetric key parser 'x509' registered
[    0.812585] Block layer SCSI generic (bsg) driver version 0.4 loaded (major 249)
[    0.814506] io scheduler noop registered
[    0.815398] io scheduler deadline registered (default)
[    0.816401] io scheduler cfq registered
[    0.817220] pci_hotplug: PCI Hot Plug PCI Core version: 0.5
[    0.818467] pciehp: PCI Express Hot Plug Controller Driver version: 0.4
[    0.819865] ACPI: AC Adapter [AC] (off-line)
[    0.820950] input: Power Button as /devices/LNXSYSTM:00/LNXPWRBN:00/input/input0
[    0.822621] ACPI: Power Button [PWRF]
[    0.823412] input: Sleep Button as /devices/LNXSYSTM:00/LNXSLPBN:00/input/input1
[    0.824790] ACPI: Sleep Button [SLPF]
[    0.826733] ACPI: Battery Slot [BAT0] (battery present)
[    0.828274] GHES: HEST is not enabled!
[    0.829253] Serial: 8250/16550 driver, 32 ports, IRQ sharing enabled
[    0.852357] 00:02: ttyS0 at I/O 0x3f8 (irq = 4, base_baud = 115200) is a 16550A
[    0.855467] Linux agpgart interface v0.103
[    0.859017] loop: module loaded
[    0.860837] scsi host0: ata_piix
[    0.862226] scsi host1: ata_piix
[    0.863263] ata1: PATA max UDMA/33 cmd 0x1f0 ctl 0x3f6 bmdma 0xd000 irq 14
[    0.865064] ata2: PATA max UDMA/33 cmd 0x170 ctl 0x376 bmdma 0xd008 irq 15
[    0.866703] libphy: Fixed MDIO Bus: probed
[    0.867757] tun: Universal TUN/TAP device driver, 1.6
[    0.869166] tun: (C) 1999-2004 Max Krasnyansky <maxk@qualcomm.com>
[    0.870460] PPP generic driver version 2.4.2
[    0.871406] ehci_hcd: USB 2.0 'Enhanced' Host Controller (EHCI) Driver
[    0.872776] ehci-pci: EHCI PCI platform driver
[    0.873718] ehci-platform: EHCI generic platform driver
[    0.875080] ohci_hcd: USB 1.1 'Open' Host Controller (OHCI) Driver
[    0.876802] ohci-pci: OHCI PCI platform driver
[    0.877939] ohci-platform: OHCI generic platform driver
[    0.879138] uhci_hcd: USB Universal Host Controller Interface driver
[    0.880744] i8042: PNP: PS/2 Controller [PNP0303:PS2K,PNP0f03:PS2M] at 0x60,0x64 irq 1,12
[    0.883367] serio: i8042 KBD port at 0x60,0x64 irq 1
[    0.884967] serio: i8042 AUX port at 0x60,0x64 irq 12
[    0.886105] mousedev: PS/2 mouse device common for all mice
[    0.887471] rtc_cmos rtc_cmos: rtc core: registered rtc_cmos as rtc0
[    0.888748] rtc_cmos rtc_cmos: alarms up to one day, 114 bytes nvram
[    0.890792] i2c /dev entries driver
[    0.892043] input: AT Translated Set 2 keyboard as /devices/platform/i8042/serio0/input/input2
[    0.895005] device-mapper: uevent: version 1.0.3
[    0.896087] device-mapper: ioctl: 4.34.0-ioctl (2015-10-28) initialised: dm-devel@redhat.com
[    0.898295] ledtrig-cpu: registered to indicate activity on CPUs
[    0.900760] NET: Registered protocol family 10
[    0.902752] NET: Registered protocol family 17
[    0.904032] Key type dns_resolver registered
[    0.905936] registered taskstats version 1
[    0.907103] Loading compiled-in X.509 certificates
[    0.909836] Loaded X.509 cert 'Build time autogenerated kernel key: b6ae09eed57f82583ccd3c65c463e852cdd7a0b5'
[    0.912488] zswap: loaded using pool lzo/zbud
[    0.915517] Key type trusted registered
[    0.919546] Key type encrypted registered
[    0.921128] AppArmor: AppArmor sha1 policy hashing enabled
[    0.922570] ima: No TPM chip found, activating TPM-bypass!
[    0.924019] ima: Allocated hash algorithm: sha1
[    0.925891] evm: HMAC attrs: 0x1
[    0.927001]   Magic number: 12:610:724
[    0.928038] block loop4: hash matches
[    0.928982] rtc_cmos rtc_cmos: setting system clock to 2020-07-01 08:42:26 UTC (1593592946)
[    0.930790] BIOS EDD facility v0.16 2004-Jun-25, 0 devices found
[    0.931838] EDD information not available.
[    1.329040] Freeing unused kernel memory: 1492K
[    1.330338] Write protecting the kernel read-only data: 14336k
[    1.332878] Freeing unused kernel memory: 1596K
[    1.334203] Freeing unused kernel memory: 60K
Loading, please wait...
starting version 229
[    1.347657] random: systemd-udevd: uninitialized urandom read (16 bytes read, 3 bits of entropy available)
[    1.348206] random: udevadm: uninitialized urandom read (16 bytes read, 3 bits of entropy available)
[    1.348220] random: udevadm: uninitialized urandom read (16 bytes read, 3 bits of entropy available)
[    1.356229] random: systemd-udevd: uninitialized urandom read (16 bytes read, 3 bits of entropy available)
[    1.356447] random: udevadm: uninitialized urandom read (16 bytes read, 3 bits of entropy available)
[    1.356482] random: udevadm: uninitialized urandom read (16 bytes read, 3 bits of entropy available)
[    1.356683] random: udevadm: uninitialized urandom read (16 bytes read, 3 bits of entropy available)
[    1.356762] random: udevadm: uninitialized urandom read (16 bytes read, 3 bits of entropy available)
[    1.356800] random: udevadm: uninitialized urandom read (16 bytes read, 3 bits of entropy available)
[    1.356837] random: udevadm: uninitialized urandom read (16 bytes read, 3 bits of entropy available)
[    1.394672] e1000: Intel(R) PRO/1000 Network Driver - version 7.3.21-k8-NAPI
[    1.397031] e1000: Copyright (c) 1999-2006 Intel Corporation.
[    1.406553] Fusion MPT base driver 3.04.20
[    1.407575] Copyright (c) 1999-2008 LSI Corporation
[    1.418982] AVX2 version of gcm_enc/dec engaged.
[    1.420365] AES CTR mode by8 optimization enabled
[    1.435778] Fusion MPT SPI Host driver 3.04.20
[    1.605615] input: ImExPS/2 Generic Explorer Mouse as /devices/platform/i8042/serio1/input/input4
[    1.786299] e1000 0000:00:03.0 eth0: (PCI:33MHz:32-bit) 02:89:fa:04:16:8f
[    1.788590] e1000 0000:00:03.0 eth0: Intel(R) PRO/1000 Network Connection
[    2.369978] e1000 0000:00:08.0 eth1: (PCI:33MHz:32-bit) 08:00:27:1e:0f:91
[    2.371888] e1000 0000:00:08.0 eth1: Intel(R) PRO/1000 Network Connection
[    2.374333] e1000 0000:00:03.0 enp0s3: renamed from eth0
[    2.376377] mptbase: ioc0: Initiating bringup
[    2.390060] e1000 0000:00:08.0 enp0s8: renamed from eth1
[    2.445410] ioc0: LSI53C1030 A0: Capabilities={Initiator}
[    2.608836] scsi host2: ioc0: LSI53C1030 A0, FwRev=00000000h, Ports=1, MaxQ=256, IRQ=20
[    2.722026] scsi 2:0:0:0: Direct-Access     VBOX     HARDDISK         1.0  PQ: 0 ANSI: 5
[    2.724078] scsi target2:0:0: Beginning Domain Validation
[    2.726818] scsi target2:0:0: Domain Validation skipping write tests
[    2.727990] scsi target2:0:0: Ending Domain Validation
[    2.729000] scsi target2:0:0: asynchronous
[    2.730162] scsi 2:0:1:0: Direct-Access     VBOX     HARDDISK         1.0  PQ: 0 ANSI: 5
[    2.738584] scsi target2:0:1: Beginning Domain Validation
[    2.741850] scsi target2:0:1: Domain Validation skipping write tests
[    2.742949] scsi target2:0:1: Ending Domain Validation
[    2.743909] scsi target2:0:1: asynchronous
[    2.749203] sd 2:0:0:0: [sda] 20971520 512-byte logical blocks: (10.7 GB/10.0 GiB)
[    2.749309] sd 2:0:0:0: Attached scsi generic sg0 type 0
[    2.749928] sd 2:0:1:0: Attached scsi generic sg1 type 0
[    2.751836] sd 2:0:1:0: [sdb] 20480 512-byte logical blocks: (10.5 MB/10.0 MiB)
[    2.754422] sd 2:0:1:0: [sdb] Write Protect is off
[    2.754569] sd 2:0:0:0: [sda] Write Protect is off
[    2.754776] sd 2:0:0:0: [sda] Incomplete mode parameter data
[    2.754777] sd 2:0:0:0: [sda] Assuming drive cache: write through
[    2.758875] sd 2:0:1:0: [sdb] Incomplete mode parameter data
[    2.759904]  sda: sda1
[    2.760445] sd 2:0:1:0: [sdb] Assuming drive cache: write through
[    2.762050] sd 2:0:0:0: [sda] Attached SCSI disk
[    2.763972] sd 2:0:1:0: [sdb] Attached SCSI disk
Begin: Loading essential drivers ... [    4.014708] md: linear personality registered for level -1
[    4.018408] md: multipath personality registered for level -4
[    4.022414] md: raid0 personality registered for level 0
[    4.026540] md: raid1 personality registered for level 1
[    4.097397] raid6: sse2x1   gen() 13054 MB/s
[    4.165236] raid6: sse2x1   xor()  8544 MB/s
[    4.233162] raid6: sse2x2   gen() 16541 MB/s
[    4.301141] raid6: sse2x2   xor() 11451 MB/s
[    4.369552] raid6: sse2x4   gen() 18548 MB/s
[    4.438056] raid6: sse2x4   xor() 11756 MB/s
[    4.505461] raid6: avx2x1   gen() 23169 MB/s
[    4.573298] raid6: avx2x2   gen() 30153 MB/s
[    4.642071] raid6: avx2x4   gen() 33840 MB/s
[    4.643169] raid6: using algorithm avx2x4 gen() 33840 MB/s
[    4.644748] raid6: using avx2x2 recovery algorithm
[    4.647036] xor: automatically using best checksumming function:
[    4.685313]    avx       : 32581.000 MB/sec
[    4.688398] async_tx: api initialized (async)
[    4.698855] md: raid6 personality registered for level 6
[    4.700304] md: raid5 personality registered for level 5
[    4.701291] md: raid4 personality registered for level 4
[    4.707828] md: raid10 personality registered for level 10
done.
Begin: Running /scripts/init-premount ... done.
Begin: Mounting root file system ... Begin: Running /scripts/local-top ... done.
Begin: Running /scripts/local-premount ... [    4.731589] Btrfs loaded
Scanning for Btrfs filesystems
done.
Warning: fsck not present, so skipping root file system
[    4.754497] EXT4-fs (sda1): mounted filesystem with ordered data mode. Opts: (null)
done.
Begin: Running /scripts/local-bottom ... done.
Begin: Running /scripts/init-bottom ... done.
[    4.837348] systemd[1]: systemd 229 running in system mode. (+PAM +AUDIT +SELINUX +IMA +APPARMOR +SMACK +SYSVINIT +UTMP +LIBCRYPTSETUP +GCRYPT +GNUTLS +ACL +XZ -LZ4 +SECCOMP +BLKID +ELFUTILS +KMOD -IDN)
[    4.840476] systemd[1]: Detected virtualization oracle.
[    4.841555] systemd[1]: Detected architecture x86-64.

Welcome to [1mUbuntu 16.04.6 LTS[0m!

[    4.845565] systemd[1]: Set hostname to <ubuntu>.
[    4.848707] systemd[1]: Initializing machine ID from random generator.
[    4.849952] systemd[1]: Installed transient /etc/machine-id file.
[    4.954907] systemd[1]: Listening on udev Kernel Socket.
[[0;32m  OK  [0m] Listening on udev Kernel Socket.
[    4.956908] systemd[1]: Started Forward Password Requests to Wall Directory Watch.
[[0;32m  OK  [0m] Started Forward Password Requests to Wall Directory Watch.
[    4.959658] systemd[1]: Listening on udev Control Socket.
[[0;32m  OK  [0m] Listening on udev Control Socket.
[    4.961597] systemd[1]: Listening on /dev/initctl Compatibility Named Pipe.
[[0;32m  OK  [0m] Listening on /dev/initctl Compatibility Named Pipe.
[    4.964120] systemd[1]: Reached target User and Group Name Lookups.
[[0;32m  OK  [0m] Reached target User and Group Name Lookups.
[    4.966355] systemd[1]: Listening on Journal Socket.
[[0;32m  OK  [0m] Listening on Journal Socket.
[    4.968633] systemd[1]: Listening on LVM2 poll daemon socket.
[[0;32m  OK  [0m] Listening on LVM2 poll daemon socket.
[    4.970894] systemd[1]: Created slice System Slice.
[[0;32m  OK  [0m] Created slice System Slice.
[    4.993374] systemd[1]: Starting Uncomplicated firewall...
         Starting Uncomplicated firewall...
[    4.997818] systemd[1]: Starting Load Kernel Modules...
         Starting Load Kernel Modules...
[    5.000335] systemd[1]: Mounting Huge Pages File System...
         Mounting Huge Pages File System...
[    5.002920] systemd[1]: Starting Set console keymap...
         Starting Set console keymap...
[    5.004957] systemd[1]: Listening on Journal Socket (/dev/log).
[[0;32m  OK  [0m] Listening on Journal Socket (/dev/log).
[    5.007369] systemd[1]: Reached target Swap.
[    5.008322] Loading iSCSI transport class v2.0-870.
[[0;32m  OK  [0m] Reached target Swap.
[    5.010543] systemd[1]: Starting Create list of required static device nodes for the current kernel...
         Starting Create list of required st... nodes for the current kernel...
[    5.016663] systemd[1]: Mounting POSIX Message Queue File System...
         Mounting POSIX Message Queue File System...
[    5.019563] systemd[1]: Started Trigger resolvconf update for networkd DNS.
[[0;32m  OK  [0m] Started Trigger resolvconf update for networkd DNS.
[    5.022810] systemd[1]: Starting Remount Root and Kernel File Systems...
         Starting Remount Root and Kernel File Systems...
[    5.026124] EXT4-fs (sda1): re-mounted. Opts: (null)
[    5.026247] systemd[1]: Listening on Syslog Socket.
[[0;32m  OK  [0m] Listening on Syslog Socket.
[    5.029348] systemd[1]: Reached target System Time Synchronized.
[[0;32m  OK  [0m] Reached target System Time Synchronized.
[    5.031617] systemd[1]: Listening on LVM2 metadata daemon socket.
[[0;32m  OK  [0m] Listening on LVM2 metadata daemon socket.
[    5.034477] iscsi: registered transport (tcp)
[    5.035653] systemd[1]: Listening on Device-mapper event daemon FIFOs.
[[0;32m  OK  [0m] Listening on Device-mapper event daemon FIFOs.
[    5.039098] systemd[1]: Starting Monitoring of LVM2 mirrors, snapshots etc. using dmeventd or progress polling...
         Starting Monitoring of LVM2 mirrors... dmeventd or progress polling...
[    5.044786] systemd[1]: Created slice system-serial\x2dgetty.slice.
[[0;32m  OK  [0m] Created slice system-serial\x2dgetty.slice.
[    5.049536] systemd[1]: Set up automount Arbitrary Executable File Formats File System Automount Point.
[[0;32m  OK  [0m] Set up automount Arbitrary Executab...ats File System Automount Point.
[    5.055094] systemd[1]: Listening on Journal Audit Socket.
[[0;32m  OK  [0m] Listening on Journal Audit Socket.
[    5.059448] systemd[1]: Starting Journal Service...
         Starting Journal Service...
[    5.064537] systemd[1]: Mounting Debug File System...
         Mounting Debug File System...
[    5.067431] systemd[1]: Starting Nameserver information manager...
         Starting Nameserver information manager...
[    5.074253] systemd[1]: Created slice User and Session Slice.
[[0;32m  OK  [0m] Created slice User and Session Slice.
[    5.078360] systemd[1]: Reached target Slices.
[[0;32m  OK  [0m] Reached target Slices.
[    5.080019] systemd[1]: Reached target Encrypted Volumes.
[[0;32m  OK  [0m] Reached target Encrypted Volumes.
[    5.093799] iscsi: registered transport (iser)
[    5.098169] systemd[1]: Mounted Huge Pages File System.
[[0;32m  OK  [0m] Mounted Huge Pages File System.
[    5.101064] systemd[1]: Mounted POSIX Message Queue File System.
[[0;32m  OK  [0m] Mounted POSIX Message Queue File System.
[    5.109622] systemd[1]: Mounted Debug File System.
[[0;32m  OK  [0m] Mounted Debug File System.
[    5.111721] systemd[1]: Started Journal Service.
[[0;32m  OK  [0m] Started Journal Service.
[[0;32m  OK  [0m] Started Uncomplicated firewall.
[[0;32m  OK  [0m] Started Load Kernel Modules.
[[0;32m  OK  [0m] Started Set console keymap.
[[0;32m  OK  [0m] Started Create list of required sta...ce nodes for the current kernel.
[[0;32m  OK  [0m] Started Remount Root and Kernel File Systems.
[[0;32m  OK  [0m] Started LVM2 metadata daemon.
         Starting Load/Save Random Seed...
         Starting udev Coldplug all Devices...
         Starting Create Static Device Nodes in /dev...
         Mounting FUSE Control File System...
         Starting Apply Kernel Variables...
         Starting Flush Journal to Persistent Storage...
[[0;32m  OK  [0m] Mounted FUSE Control File System.
[[0;32m  OK  [0m] Started Nameserver information manager.
[[0;32m  OK  [0m] Started Load/Save Random Seed.
[[0;32m  OK  [0m] Started Apply Kernel Variables.
[[0;32m  OK  [0m] Started Flush Journal to Persistent Storage.
[[0;32m  OK  [0m] Started Create Static Device Nodes in /dev.
         Starting udev Kernel Device Manager...
[[0;32m  OK  [0m] Started udev Kernel Device Manager.
[[0;32m  OK  [0m] Started udev Coldplug all Devices.
[[0;32m  OK  [0m] Started Dispatch Password Requests to Console Directory Watch.
[[0;32m  OK  [0m] Found device /dev/ttyS0.
[[0;32m  OK  [0m] Listening on Load/Save RF Kill Switch Status /dev/rfkill Watch.
[[0;32m  OK  [0m] Started Monitoring of LVM2 mirrors,...ng dmeventd or progress polling.
[[0;32m  OK  [0m] Reached target Local File Systems (Pre).
[[0;32m  OK  [0m] Reached target Local File Systems.
         Starting Create Volatile Files and Directories...
         Starting Commit a transient machine-id on disk...
         Starting Tell Plymouth To Write Out Runtime Data...
         Starting Initial cloud-init job (pre-networking)...
         Starting Set console font and keymap...
         Starting LSB: AppArmor initialization...
[[0;32m  OK  [0m] Started Create Volatile Files and Directories.
         Starting Update UTMP about System Boot/Shutdown...
[[0;32m  OK  [0m] Started Tell Plymouth To Write Out Runtime Data.
[[0;32m  OK  [0m] Started Commit a transient machine-id on disk.
[[0;32m  OK  [0m] Started Update UTMP about System Boot/Shutdown.
[[0;32m  OK  [0m] Started Set console font and keymap.
[[0;32m  OK  [0m] Created slice system-getty.slice.
[[0;32m  OK  [0m] Started LSB: AppArmor initialization.
[    6.393295] cloud-init[619]: Cloud-init v. 19.4-33-gbb4131a2-0ubuntu1~16.04.1 running 'init-local' at Wed, 01 Jul 2020 08:42:31 +0000. Up 6.15 seconds.
[[0;32m  OK  [0m] Started Initial cloud-init job (pre-networking).
[[0;32m  OK  [0m] Reached target Network (Pre).
         Starting Raise network interfaces...
[[0;32m  OK  [0m] Started Raise network interfaces.
         Starting Initial cloud-init job (metadata service crawler)...
[[0;32m  OK  [0m] Reached target Network.
[    7.222775] cloud-init[954]: Cloud-init v. 19.4-33-gbb4131a2-0ubuntu1~16.04.1 running 'init' at Wed, 01 Jul 2020 08:42:32 +0000. Up 6.82 seconds.
[    7.228002] cloud-init[954]: ci-info: ++++++++++++++++++++++++++++++++++++++Net device info+++++++++++++++++++++++++++++++++++++++
[    7.233199] cloud-init[954]: ci-info: +--------+-------+----------------------------+---------------+--------+-------------------+
[    7.239403] cloud-init[954]: ci-info: | Device |   Up  |          Address           |      Mask     | Scope  |     Hw-Address    |
[    7.245303] cloud-init[954]: ci-info: +--------+-------+----------------------------+---------------+--------+-------------------+
[    7.250780] cloud-init[954]: ci-info: | enp0s3 |  True |         10.0.2.15          | 255.255.255.0 | global | 02:89:fa:04:16:8f |
[    7.255768] cloud-init[954]: ci-info: | enp0s3 |  True | fe80::89:faff:fe04:168f/64 |       .       |  link  | 02:89:fa:04:16:8f |
[    7.257638] cloud-init[954]: ci-info: | enp0s8 | False |             .              |       .       |   .    | 08:00:27:1e:0f:91 |
[    7.259421] cloud-init[954]: ci-info: |   lo   |  True |         127.0.0.1          |   255.0.0.0   |  host  |         .         |
[    7.261142] cloud-init[954]: ci-info: |   lo   |  True |          ::1/128           |       .       |  host  |         .         |
[    7.263002] cloud-init[954]: ci-info: +--------+-------+----------------------------+---------------+--------+-------------------+
[    7.264789] cloud-init[954]: ci-info: +++++++++++++++++++++++++++Route IPv4 info++++++++++++++++++++++++++++
[    7.267523] cloud-init[954]: ci-info: +-------+-------------+----------+---------------+-----------+-------+
[    7.269905] cloud-init[954]: ci-info: | Route | Destination | Gateway  |    Genmask    | Interface | Flags |
[    7.271691] cloud-init[954]: ci-info: +-------+-------------+----------+---------------+-----------+-------+
[    7.273456] cloud-init[954]: ci-info: |   0   |   0.0.0.0   | 10.0.2.2 |    0.0.0.0    |   enp0s3  |   UG  |
[    7.274974] cloud-init[954]: ci-info: |   1   |   10.0.2.0  | 0.0.0.0  | 255.255.255.0 |   enp0s3  |   U   |
[    7.276506] cloud-init[954]: ci-info: +-------+-------------+----------+---------------+-----------+-------+
[    7.278056] cloud-init[954]: ci-info: +++++++++++++++++++Route IPv6 info+++++++++++++++++++
[    7.279594] cloud-init[954]: ci-info: +-------+-------------+---------+-----------+-------+
[    7.280931] cloud-init[954]: ci-info: | Route | Destination | Gateway | Interface | Flags |
[    7.282257] cloud-init[954]: ci-info: +-------+-------------+---------+-----------+-------+
[    7.284343] cloud-init[954]: ci-info: |   0   |  fe80::/64  |    ::   |   enp0s3  |   U   |
[    7.285772] cloud-init[954]: ci-info: |   3   |   ff00::/8  |    ::   |   enp0s3  |   U   |
[    7.287104] cloud-init[954]: ci-info: +-------+-------------+---------+-----------+-------+
[    7.288531] cloud-init[954]: Generating public/private rsa key pair.
[    7.289714] cloud-init[954]: Your identification has been saved in /etc/ssh/ssh_host_rsa_key.
[    7.291071] cloud-init[954]: Your public key has been saved in /etc/ssh/ssh_host_rsa_key.pub.
[    7.292417] cloud-init[954]: The key fingerprint is:
[    7.300600] cloud-init[954]: SHA256:CawRPzTzL7lfl/PmwISe90fm4i6b+cm2/U4ixQx+M28 root@ubuntu-xenial
[    7.302727] cloud-init[954]: The key's randomart image is:
[    7.304617] cloud-init[954]: +---[RSA 2048]----+
[    7.305502] cloud-init[954]: |    . +          |
[    7.312760] cloud-init[954]: |     = +         |
[    7.313536] cloud-init[954]: |    . = .   .    |
[    7.314391] cloud-init[954]: |     o o + . =   |
[    7.315201] cloud-init[954]: |    .   S . o O  |
[    7.328759] cloud-init[954]: |         o . * =o|
[    7.329547] cloud-init[954]: |        .   = O+E|
[    7.330239] cloud-init[954]: |         . ..Bo@+|
[[0;32m  OK  [0m] Started Initial cloud-init job (metadata service crawler).
[[0;32m  OK  [0m] Reached target Cloud-config availability.
[[0;32m  OK  [0m] Reached target System Initialization.
[[0;32m  OK  [0m] Listening on D-Bus System Message Bus Socket.
[    7.339915] cloud-init[954]: |          . +BB*X|
[    7.344240] cloud-init[954]: +----[SHA256]-----+
[    7.345023] cloud-init[954]: Generating public/private dsa key pair.
[    7.346142] cloud-init[954]: Your identification has been saved in /etc/ssh/ssh_host_dsa_key.
[    7.347445] cloud-init[954]: Your public key has been saved in /etc/ssh/ssh_host_dsa_key.pub.
[[0;32m  OK  [0m] Started ACPI Events Check.
[[0;32m  OK  [0m] Reached target Paths.
[[0;32m  OK  [0m] Started Daily Cleanup of Temporary Directories.
[    7.352294] cloud-init[954]: The key fingerprint is:
[    7.356247] cloud-init[954]: SHA256:Zr3/uiYfj0MArQksjdMg3/BAsL1W+Ayaeuaz04V5vbQ root@ubuntu-xenial
[    7.356443] cloud-init[954]: The key's randomart image is:
[    7.356939] cloud-init[954]: +---[DSA 1024]----+
[    7.357996] cloud-init[954]: |  oo=*   .       |
         Starting LXD - unix socket.
[    7.358499] cloud-init[954]: |   =+*= . .      |
[    7.361163] cloud-init[954]: |  . =o+. +       |
[    7.361386] cloud-init[954]: |   o *  o..      |
[    7.361885] cloud-init[954]: |  o ooo.S ..     |
[    7.362550] cloud-init[954]: | . .o ooo  ..    |
[    7.363021] cloud-init[954]: |. o. o . o...    |
[    7.363491] cloud-init[954]: | +o .   E ..o+   |
[    7.363970] cloud-init[954]: |  o+       +*=o  |
[    7.364458] cloud-init[954]: +----[SHA256]-----+
[    7.365039] cloud-init[954]: Generating public/private ecdsa key pair.
[    7.365292] cloud-init[954]: Your identification has been saved in /etc/ssh/ssh_host_ecdsa_key.
[    7.366085] cloud-init[954]: Your public key has been saved in /etc/ssh/ssh_host_ecdsa_key.pub.
         Starting Socket activation for snappy daemon.
[    7.367592] cloud-init[954]: The key fingerprint is:
[    7.370952] cloud-init[954]: SHA256:TBBWL3QxwKXRNPZFSXUDuJlcXWVt+qsOXTUruIpuTvg root@ubuntu-xenial
[    7.371125] cloud-init[954]: The key's randomart image is:
[[0;32m  OK  [0m] Listening on ACPID Listen Socket.
[    7.371237] cloud-init[954]: +---[ECDSA 256]---+
[    7.374363] cloud-init[954]: |      ++==O..+*+X|
[    7.374508] cloud-init[954]: |     . o.*.= o.o=|
[    7.375187] cloud-init[954]: |        + o *  +.|
[    7.375654] cloud-init[954]: |       o . =. . +|
[    7.376310] cloud-init[954]: |        S  . . + |
[    7.377001] cloud-init[954]: |      .     o o .|
[    7.377251] cloud-init[954]: |     . .   o .  .|
[    7.377747] cloud-init[954]: |      o.. . .  . |
[    7.378223] cloud-init[954]: |      +E .  .o.  |
[    7.378705] cloud-init[954]: +----[SHA256]-----+
[    7.379186] cloud-init[954]: Generating public/private ed25519 key pair.
[    7.379698] cloud-init[954]: Your identification has been saved in /etc/ssh/ssh_host_ed25519_key.
[    7.380067] cloud-init[954]: Your public key has been saved in /etc/ssh/ssh_host_ed25519_key.pub.
[    7.380514] cloud-init[954]: The key fingerprint is:
[    7.381171] cloud-init[954]: SHA256:SFDuE6jEQepBf8/1L6/ApbLOs+Av+xUfAUTzR3dslgs root@ubuntu-xenial
[[0;32m  OK  [0m] Started Daily apt download activities.
[    7.381273] cloud-init[954]: The key's randomart image is:
[    7.381318] cloud-init[954]: +--[ED25519 256]--+
[    7.381690] cloud-init[954]: | oo ... o=   . oo|
[[    7.381800] cloud-init[954]: |.o.. +    + .E..=|
[    7.387274] cloud-init[954]: |..o...+  . o ..o.|
[    7.388093] cloud-init[954]: |.....ooo. . o  . |
[    7.388535] cloud-init[954]: | ..   +oS. +     |
[    7.389024] cloud-init[954]: |       .. = o    |
[    7.389504] cloud-init[954]: |     . . = o .   |
[    7.389986] cloud-init[954]: |    ..o.+ . o    |
[    7.390491] cloud-init[954]: |     o*Bo  ...   |
[    7.390957] cloud-init[954]: +----[SHA256]-----+
[0;32m  OK  [0m] Started Daily apt upgrade and clean activities.
[[0;32m  OK  [0m] Started Message of the Day.
[[0;32m  OK  [0m] Reached target Timers.
[[0;32m  OK  [0m] Listening on UUID daemon activation socket.
[[0;32m  OK  [0m] Reached target Network is Online.
         Starting iSCSI initiator daemon (iscsid)...
[[0;32m  OK  [0m] Listening on LXD - unix socket.
[[0;32m  OK  [0m] Listening on Socket activation for snappy daemon.
[[0;32m  OK  [0m] Reached target Sockets.
[[0;32m  OK  [0m] Reached target Basic System.
[[0;32m  OK  [0m] Started D-Bus System Message Bus.
         Starting Virtualbox guest utils...
         Starting Accounts Service...
         Starting Pollinate to seed the pseudo random number generator...
[[0;32m  OK  [0m] Started FUSE filesystem for LXC.
         Starting System Logging Service...
         Starting Login Service...
         Starting LSB: Record successful boot for GRUB...
[[0;32m  OK  [0m] Started Deferred execution scheduler.
         Starting /etc/rc.local Compatibility...
[[0;32m  OK  [0m] Started Regular background program processing daemon.
         Starting LSB: MD monitoring daemon...
[[0;32m  OK  [0m] Started ACPI event daemon.
         Starting Snappy daemon...
         Starting LXD - container startup/shutdown...
[[0;32m  OK  [0m] Started System Logging Service.
[[0;32m  OK  [0m] Started iSCSI initiator daemon (iscsid).
[[0;32m  OK  [0m] Started /etc/rc.local Compatibility.
         Starting Login to default iSCSI targets...
[[0;32m  OK  [0m] Started Login Service.
[[0;32m  OK  [0m] Started Unattended Upgrades Shutdown.
[[0;32m  OK  [0m] Started Login to default iSCSI targets.
[[0;32m  OK  [0m] Reached target Remote File Systems (Pre).
[[0;32m  OK  [0m] Reached target Remote File Systems.
         Starting LSB: Set the CPU Frequency Scaling governor to "ondemand"...
         Starting Permit User Sessions...
         Starting LSB: automatic crash report generation...
         Starting LSB: daemon to balance interrupts for SMP systems...
[[0;32m  OK  [0m] Started Permit User Sessions.
         Starting Terminate Plymouth Boot Screen...
         Starting Hold until boot process finishes up...
[[0;32m  OK  [0m] Started Terminate Plymouth Boot Screen.
[[0;32m  OK  [0m] Started LSB: Record successful boot for GRUB.
[[0;32m  OK  [0m] Started Hold until boot process finishes up.
[[0;32m  OK  [0m] Started LSB: Set the CPU Frequency Scaling governor to "ondemand".
         Starting Authenticate and Authorize Users to Run Privileged Tasks...
[[0;32m  OK  [0m] Started Getty on tty1.
[[0;32m  OK  [0m] Started Serial Getty on ttyS0.
[[0;32m  OK  [0m] Reached target Login Prompts.
         Starting Set console scheme...
[[0;32m  OK  [0m] Started LSB: MD monitoring daemon.
[[0;32m  OK  [0m] Started LSB: automatic crash report generation.
[[0;32m  OK  [0m] Started LSB: daemon to balance interrupts for SMP systems.
[[0;32m  OK  [0m] Started Set console scheme.
[[0;32m  OK  [0m] Started Authenticate and Authorize Users to Run Privileged Tasks.
[[0;32m  OK  [0m] Started Accounts Service.
[[0;32m  OK  [0m] Started LXD - container startup/shutdown.
[[0;32m  OK  [0m] Started Virtualbox guest utils.
[[0;32m  OK  [0m] Started Snappy daemon.
         Starting Wait until snapd is fully seeded...
[[0;32m  OK  [0m] Started Pollinate to seed the pseudo random number generator.
         Starting OpenBSD Secure Shell server...
[[0;32m  OK  [0m] Started OpenBSD Secure Shell server.
[[0;32m  OK  [0m] Started Wait until snapd is fully seeded.
[[0;32m  OK  [0m] Reached target Multi-User System.
[[0;32m  OK  [0m] Reached target Graphical Interface.
         Starting Update UTMP about System Runlevel Changes...
         Starting Apply the settings specified in cloud-config...
[[0;32m  OK  [0m] Started Update UTMP about System Runlevel Changes.
[    8.652942] cloud-init[1305]: Generating locales (this might take a while)...
[    9.229484] cloud-init[1305]:   en_US.UTF-8... done
[    9.230379] cloud-init[1305]: Generation complete.
[    9.475369] cloud-init[1305]: Cloud-init v. 19.4-33-gbb4131a2-0ubuntu1~16.04.1 running 'modules:config' at Wed, 01 Jul 2020 08:42:34 +0000. Up 8.57 seconds.
[[0;32m  OK  [0m] Started Apply the settings specified in cloud-config.
         Starting Execute cloud user/final scripts...
ci-info: no authorized SSH keys fingerprints found for user ubuntu.
<14>Jul  1 08:42:35 ec2: 
<14>Jul  1 08:42:35 ec2: #############################################################
<14>Jul  1 08:42:35 ec2: -----BEGIN SSH HOST KEY FINGERPRINTS-----
<14>Jul  1 08:42:35 ec2: 1024 SHA256:Zr3/uiYfj0MArQksjdMg3/BAsL1W+Ayaeuaz04V5vbQ root@ubuntu-xenial (DSA)
<14>Jul  1 08:42:35 ec2: 256 SHA256:TBBWL3QxwKXRNPZFSXUDuJlcXWVt+qsOXTUruIpuTvg root@ubuntu-xenial (ECDSA)
<14>Jul  1 08:42:35 ec2: 256 SHA256:SFDuE6jEQepBf8/1L6/ApbLOs+Av+xUfAUTzR3dslgs root@ubuntu-xenial (ED25519)
<14>Jul  1 08:42:35 ec2: 2048 SHA256:CawRPzTzL7lfl/PmwISe90fm4i6b+cm2/U4ixQx+M28 root@ubuntu-xenial (RSA)
<14>Jul  1 08:42:35 ec2: -----END SSH HOST KEY FINGERPRINTS-----
<14>Jul  1 08:42:35 ec2: #############################################################
-----BEGIN SSH HOST KEY KEYS-----
ecdsa-sha2-nistp256 AAAAE2VjZHNhLXNoYTItbmlzdHAyNTYAAAAIbmlzdHAyNTYAAABBBKpL9dDPO1IA8v80HVBgPA0ikgyZh+ukJI/7WiLIWBu1jEtu6hMObtXVd+5Dp8J7i47CWCq4yRT4d3fGC1pHDNc= root@ubuntu-xenial
ssh-ed25519 AAAAC3NzaC1lZDI1NTE5AAAAIOwwWuDvCRlTj2LNmpT8Sa6BwzqXTGtpmapDC6cLFhdS root@ubuntu-xenial
ssh-rsa AAAAB3NzaC1yc2EAAAADAQABAAABAQDZXOPz1QyPOp1tegVT0OVYQhBqFxkodnhe8YfvmuSPXjTaJrrGxbLxiU4pnXTJGOAgGhkQcEvIQ78QJQBUzQ4hzCvC75hDKHq38o17rDKZ+r8mKboFljNAg2usEXRV4G0MTzlFRljJiSCUf+U+CvtwU+Lw6TiudSRR91cBjGS127nXdV68tYH1Fz98xzlitojOJ5hYUSRCgVVG11osiXvnYZZ8PtVR+ZI5iNBtt2vtpkPARObR306BO2rl64DIvp1BTqC7imVeNSXh7YokG71PfzwJ62td1FMii31+/T/9T1PBp+3knMqsVd2W4Z30rQqd90KrrB8Qocus5mqzHd5J root@ubuntu-xenial
-----END SSH HOST KEY KEYS-----
[    9.839593] cloud-init[1345]: Cloud-init v. 19.4-33-gbb4131a2-0ubuntu1~16.04.1 running 'modules:final' at Wed, 01 Jul 2020 08:42:35 +0000. Up 9.72 seconds.
[    9.841600] cloud-init[1345]: ci-info: no authorized SSH keys fingerprints found for user ubuntu.
[    9.843369] cloud-init[1345]: Cloud-init v. 19.4-33-gbb4131a2-0ubuntu1~16.04.1 finished at Wed, 01 Jul 2020 08:42:35 +0000. Datasource DataSourceNoCloud [seed=/dev/sdb][dsmode=net].  Up 9.83 seconds
[[0;32m  OK  [0m] Started Execute cloud user/final scripts.
[[0;32m  OK  [0m] Reached target Cloud-init target.

Ubuntu 16.04.6 LTS ubuntu-xenial ttyS0

ubuntu-xenial login: 